This file contains any messages produced by compilers while
running configure, to aid debugging if configure makes a mistake.

It was created by configure, which was
generated by GNU Autoconf 2.63.  Invocation command line was

  $ ./configure 

## --------- ##
## Platform. ##
## --------- ##

hostname = dev
uname -m = i686
uname -r = 2.6.30.9-99.fc11.i586
uname -s = Linux
uname -v = #1 SMP Tue Nov 17 21:10:57 EST 2009

/usr/bin/uname -p = unknown
/bin/uname -X     = unknown

/bin/arch              = i686
/usr/bin/arch -k       = unknown
/usr/convex/getsysinfo = unknown
/usr/bin/hostinfo      = unknown
/bin/machine           = unknown
/usr/bin/oslevel       = unknown
/bin/universe          = unknown

PATH: /usr/lib/qt-3.3/bin
PATH: /usr/kerberos/bin
PATH: /usr/lib/ccache
PATH: /usr/local/bin
PATH: /bin
PATH: /usr/bin
PATH: /usr/local/sbin
PATH: /usr/sbin
PATH: /sbin
PATH: /home/cferrabo/bin


## ----------- ##
## Core tests. ##
## ----------- ##

configure:1815: checking for gcc
configure:1831: found /usr/lib/ccache/gcc
configure:1842: result: gcc
configure:2074: checking for C compiler version
configure:2082: gcc --version >&5
gcc (GCC) 4.4.1 20090725 (Red Hat 4.4.1-2)
Copyright (C) 2009 Free Software Foundation, Inc.
This is free software; see the source for copying conditions.  There is NO
warranty; not even for MERCHANTABILITY or FITNESS FOR A PARTICULAR PURPOSE.

configure:2086: $? = 0
configure:2093: gcc -v >&5
Using built-in specs.
Target: i586-redhat-linux
Configured with: ../configure --prefix=/usr --mandir=/usr/share/man --infodir=/usr/share/info --with-bugurl=http://bugzilla.redhat.com/bugzilla --enable-bootstrap --enable-shared --enable-threads=posix --enable-checking=release --with-system-zlib --enable-__cxa_atexit --disable-libunwind-exceptions --enable-languages=c,c++,objc,obj-c++,java,fortran,ada --enable-java-awt=gtk --disable-dssi --enable-plugin --with-java-home=/usr/lib/jvm/java-1.5.0-gcj-1.5.0.0/jre --enable-libgcj-multifile --enable-java-maintainer-mode --with-ecj-jar=/usr/share/java/eclipse-ecj.jar --disable-libjava-multilib --with-ppl --with-cloog --with-tune=generic --with-arch=i586 --build=i586-redhat-linux
Thread model: posix
gcc version 4.4.1 20090725 (Red Hat 4.4.1-2) (GCC) 
configure:2097: $? = 0
configure:2104: gcc -V >&5
gcc: '-V' option must have argument
configure:2108: $? = 1
configure:2131: checking for C compiler default output file name
configure:2153: gcc    conftest.c  >&5
configure:2157: $? = 0
configure:2195: result: a.out
configure:2214: checking whether the C compiler works
configure:2224: ./a.out
configure:2228: $? = 0
configure:2247: result: yes
configure:2254: checking whether we are cross compiling
configure:2256: result: no
configure:2259: checking for suffix of executables
configure:2266: gcc -o conftest    conftest.c  >&5
configure:2270: $? = 0
configure:2296: result: 
configure:2302: checking for suffix of object files
configure:2328: gcc -c   conftest.c >&5
configure:2332: $? = 0
configure:2357: result: o
configure:2361: checking whether we are using the GNU C compiler
configure:2390: gcc -c   conftest.c >&5
configure:2397: $? = 0
configure:2414: result: yes
configure:2423: checking whether gcc accepts -g
configure:2453: gcc -c -g  conftest.c >&5
configure:2460: $? = 0
configure:2561: result: yes
configure:2578: checking for gcc option to accept ISO C89
configure:2652: gcc  -c -g -O2  conftest.c >&5
configure:2659: $? = 0
configure:2682: result: none needed
configure:2707: checking whether make sets $(MAKE)
configure:2729: result: yes
configure:2745: checking how to run the C preprocessor
configure:2785: gcc -E  conftest.c
configure:2792: $? = 0
configure:2823: gcc -E  conftest.c
conftest.c:8:28: error: ac_nonexistent.h: No such file or directory
configure:2830: $? = 1
configure: failed program was:
| /* confdefs.h.  */
| #define PACKAGE_NAME ""
| #define PACKAGE_TARNAME ""
| #define PACKAGE_VERSION ""
| #define PACKAGE_STRING ""
| #define PACKAGE_BUGREPORT ""
| /* end confdefs.h.  */
| #include <ac_nonexistent.h>
configure:2863: result: gcc -E
configure:2892: gcc -E  conftest.c
configure:2899: $? = 0
configure:2930: gcc -E  conftest.c
conftest.c:8:28: error: ac_nonexistent.h: No such file or directory
configure:2937: $? = 1
configure: failed program was:
| /* confdefs.h.  */
| #define PACKAGE_NAME ""
| #define PACKAGE_TARNAME ""
| #define PACKAGE_VERSION ""
| #define PACKAGE_STRING ""
| #define PACKAGE_BUGREPORT ""
| /* end confdefs.h.  */
| #include <ac_nonexistent.h>
configure:2977: checking for grep that handles long lines and -e
configure:3037: result: /bin/grep
configure:3042: checking for egrep
configure:3106: result: /bin/grep -E
configure:3111: checking for ANSI C header files
configure:3141: gcc -c -g -O2  conftest.c >&5
configure:3148: $? = 0
configure:3247: gcc -o conftest -g -O2   conftest.c  >&5
configure:3251: $? = 0
configure:3257: ./conftest
configure:3261: $? = 0
configure:3279: result: yes
configure:3289: checking for atol
configure:3345: gcc -o conftest -g -O2   conftest.c  >&5
configure:3352: $? = 0
configure:3372: result: yes
configure:3397: checking for sys/types.h
configure:3418: gcc -c -g -O2  conftest.c >&5
configure:3425: $? = 0
configure:3442: result: yes
configure:3397: checking for sys/stat.h
configure:3418: gcc -c -g -O2  conftest.c >&5
configure:3425: $? = 0
configure:3442: result: yes
configure:3397: checking for stdlib.h
configure:3418: gcc -c -g -O2  conftest.c >&5
configure:3425: $? = 0
configure:3442: result: yes
configure:3397: checking for string.h
configure:3418: gcc -c -g -O2  conftest.c >&5
configure:3425: $? = 0
configure:3442: result: yes
configure:3397: checking for memory.h
configure:3418: gcc -c -g -O2  conftest.c >&5
configure:3425: $? = 0
configure:3442: result: yes
configure:3397: checking for strings.h
configure:3418: gcc -c -g -O2  conftest.c >&5
configure:3425: $? = 0
configure:3442: result: yes
configure:3397: checking for inttypes.h
configure:3418: gcc -c -g -O2  conftest.c >&5
configure:3425: $? = 0
configure:3442: result: yes
configure:3397: checking for stdint.h
configure:3418: gcc -c -g -O2  conftest.c >&5
configure:3425: $? = 0
configure:3442: result: yes
configure:3397: checking for unistd.h
configure:3418: gcc -c -g -O2  conftest.c >&5
configure:3425: $? = 0
configure:3442: result: yes
configure:3466: checking mxml.h usability
configure:3483: gcc -c -g -O2  conftest.c >&5
configure:3490: $? = 0
configure:3504: result: yes
configure:3508: checking mxml.h presence
configure:3523: gcc -E  conftest.c
configure:3530: $? = 0
configure:3544: result: yes
configure:3572: checking for mxml.h
configure:3579: result: yes
configure:3729: creating ./config.status

## ---------------------- ##
## Running config.status. ##
## ---------------------- ##

This file was extended by config.status, which was
generated by GNU Autoconf 2.63.  Invocation command line was

  CONFIG_FILES    = 
  CONFIG_HEADERS  = 
  CONFIG_LINKS    = 
  CONFIG_COMMANDS = 
  $ ./config.status 

on dev

config.status:647: creating Makefile

## ---------------- ##
## Cache variables. ##
## ---------------- ##

ac_cv_c_compiler_gnu=yes
ac_cv_env_CC_set=
ac_cv_env_CC_value=
ac_cv_env_CFLAGS_set=
ac_cv_env_CFLAGS_value=
ac_cv_env_CPPFLAGS_set=
ac_cv_env_CPPFLAGS_value=
ac_cv_env_CPP_set=
ac_cv_env_CPP_value=
ac_cv_env_LDFLAGS_set=
ac_cv_env_LDFLAGS_value=
ac_cv_env_LIBS_set=
ac_cv_env_LIBS_value=
ac_cv_env_build_alias_set=
ac_cv_env_build_alias_value=
ac_cv_env_host_alias_set=
ac_cv_env_host_alias_value=
ac_cv_env_target_alias_set=
ac_cv_env_target_alias_value=
ac_cv_func_atol=yes
ac_cv_header_inttypes_h=yes
ac_cv_header_memory_h=yes
ac_cv_header_mxml_h=yes
ac_cv_header_stdc=yes
ac_cv_header_stdint_h=yes
ac_cv_header_stdlib_h=yes
ac_cv_header_string_h=yes
ac_cv_header_strings_h=yes
ac_cv_header_sys_stat_h=yes
ac_cv_header_sys_types_h=yes
ac_cv_header_unistd_h=yes
ac_cv_objext=o
ac_cv_path_EGREP='/bin/grep -E'
ac_cv_path_GREP=/bin/grep
ac_cv_prog_CPP='gcc -E'
ac_cv_prog_ac_ct_CC=gcc
ac_cv_prog_cc_c89=
ac_cv_prog_cc_g=yes
ac_cv_prog_make_make_set=yes

## ----------------- ##
## Output variables. ##
## ----------------- ##

CC='gcc'
CFLAGS='-g -O2'
CPP='gcc -E'
CPPFLAGS=''
DEFS='-DPACKAGE_NAME=\"\" -DPACKAGE_TARNAME=\"\" -DPACKAGE_VERSION=\"\" -DPACKAGE_STRING=\"\" -DPACKAGE_BUGREPORT=\"\" -DSTDC_HEADERS=1 -DHAVE_SYS_TYPES_H=1 -DHAVE_SYS_STAT_H=1 -DHAVE_STDLIB_H=1 -DHAVE_STRING_H=1 -DHAVE_MEMORY_H=1 -DHAVE_STRINGS_H=1 -DHAVE_INTTYPES_H=1 -DHAVE_STDINT_H=1 -DHAVE_UNISTD_H=1'
ECHO_C=''
ECHO_N='-n'
ECHO_T=''
EGREP='/bin/grep -E'
EXEEXT=''
GREP='/bin/grep'
LDFLAGS=''
LIBOBJS=''
LIBS=''
LTLIBOBJS=''
OBJEXT='o'
PACKAGE_BUGREPORT=''
PACKAGE_NAME=''
PACKAGE_STRING=''
PACKAGE_TARNAME=''
PACKAGE_VERSION=''
PATH_SEPARATOR=':'
SET_MAKE=''
SHELL='/bin/sh'
VERSION='0.0.1'
ac_ct_CC='gcc'
bindir='${exec_prefix}/bin'
build_alias=''
datadir='${datarootdir}'
datarootdir='${prefix}/share'
docdir='${datarootdir}/doc/${PACKAGE}'
dvidir='${docdir}'
exec_prefix='${prefix}'
host_alias=''
htmldir='${docdir}'
includedir='${prefix}/include'
infodir='${datarootdir}/info'
libdir='${exec_prefix}/lib'
libexecdir='${exec_prefix}/libexec'
localedir='${datarootdir}/locale'
localstatedir='${prefix}/var'
mandir='${datarootdir}/man'
oldincludedir='/usr/include'
pdfdir='${docdir}'
prefix='/usr/local'
program_transform_name='s,x,x,'
psdir='${docdir}'
sbindir='${exec_prefix}/sbin'
sharedstatedir='${prefix}/com'
sysconfdir='${prefix}/etc'
target_alias=''

## ----------- ##
## confdefs.h. ##
## ----------- ##

#define PACKAGE_NAME ""
#define PACKAGE_TARNAME ""
#define PACKAGE_VERSION ""
#define PACKAGE_STRING ""
#define PACKAGE_BUGREPORT ""
#define STDC_HEADERS 1
#define HAVE_SYS_TYPES_H 1
#define HAVE_SYS_STAT_H 1
#define HAVE_STDLIB_H 1
#define HAVE_STRING_H 1
#define HAVE_MEMORY_H 1
#define HAVE_STRINGS_H 1
#define HAVE_INTTYPES_H 1
#define HAVE_STDINT_H 1
#define HAVE_UNISTD_H 1

configure: exit 0
