This file contains any messages produced by compilers while
running configure, to aid debugging if configure makes a mistake.

It was created by configure, which was
generated by GNU Autoconf 2.63.  Invocation command line was

  $ ./configure 

## --------- ##
## Platform. ##
## --------- ##

hostname = viper
uname -m = i686
uname -r = 2.6.30-gentoo-r8dell
uname -s = Linux
uname -v = #1 SMP Mon Nov 23 22:00:28 ART 2009

/usr/bin/uname -p = Intel(R) Celeron(R) CPU 560 @ 2.13GHz
/bin/uname -X     = unknown

/bin/arch              = unknown
/usr/bin/arch -k       = unknown
/usr/convex/getsysinfo = unknown
/usr/bin/hostinfo      = unknown
/bin/machine           = unknown
/usr/bin/oslevel       = unknown
/bin/universe          = unknown

PATH: /usr/local/bin
PATH: /usr/bin
PATH: /bin
PATH: /opt/bin
PATH: /usr/i486-pc-linux-gnu/gcc-bin/4.1.2
PATH: /usr/i686-pc-linux-gnu/gcc-bin/4.3.4
PATH: /usr/kde/3.5/bin
PATH: /usr/qt/3/bin
PATH: /usr/games/bin
PATH: /home/carlos/bin


## ----------- ##
## Core tests. ##
## ----------- ##

configure:1847: checking for a BSD-compatible install
configure:1915: result: /usr/bin/install -c
configure:1926: checking whether build environment is sane
configure:1969: result: yes
configure:1981: checking whether make sets $(MAKE)
configure:2003: result: yes
configure:2035: checking for working aclocal-1.4
configure:2042: result: found
configure:2050: checking for working autoconf
configure:2057: result: found
configure:2065: checking for working automake-1.4
configure:2072: result: found
configure:2080: checking for working autoheader
configure:2087: result: found
configure:2095: checking for working makeinfo
configure:2102: result: found
configure:2167: checking for gcc
configure:2183: found /usr/bin/gcc
configure:2194: result: gcc
configure:2426: checking for C compiler version
configure:2434: gcc --version >&5
gcc (Gentoo 4.3.4 p1.0, pie-10.1.5) 4.3.4
Copyright (C) 2008 Free Software Foundation, Inc.
This is free software; see the source for copying conditions.  There is NO
warranty; not even for MERCHANTABILITY or FITNESS FOR A PARTICULAR PURPOSE.

configure:2438: $? = 0
configure:2445: gcc -v >&5
Using built-in specs.
Target: i686-pc-linux-gnu
Configured with: /var/tmp/portage/sys-devel/gcc-4.3.4/work/gcc-4.3.4/configure --prefix=/usr --bindir=/usr/i686-pc-linux-gnu/gcc-bin/4.3.4 --includedir=/usr/lib/gcc/i686-pc-linux-gnu/4.3.4/include --datadir=/usr/share/gcc-data/i686-pc-linux-gnu/4.3.4 --mandir=/usr/share/gcc-data/i686-pc-linux-gnu/4.3.4/man --infodir=/usr/share/gcc-data/i686-pc-linux-gnu/4.3.4/info --with-gxx-include-dir=/usr/lib/gcc/i686-pc-linux-gnu/4.3.4/include/g++-v4 --host=i686-pc-linux-gnu --build=i686-pc-linux-gnu --disable-altivec --disable-fixed-point --enable-nls --without-included-gettext --with-system-zlib --disable-checking --disable-werror --enable-secureplt --disable-multilib --enable-libmudflap --disable-libssp --enable-libgomp --disable-libgcj --with-arch=i686 --enable-languages=c,c++,treelang,fortran --enable-shared --enable-threads=posix --enable-__cxa_atexit --enable-clocale=gnu --with-bugurl=http://bugs.gentoo.org/ --with-pkgversion='Gentoo 4.3.4 p1.0, pie-10.1.5'
Thread model: posix
gcc version 4.3.4 (Gentoo 4.3.4 p1.0, pie-10.1.5) 
configure:2449: $? = 0
configure:2456: gcc -V >&5
gcc: '-V' option must have argument
configure:2460: $? = 1
configure:2483: checking for C compiler default output file name
configure:2505: gcc    conftest.c  >&5
configure:2509: $? = 0
configure:2547: result: a.out
configure:2566: checking whether the C compiler works
configure:2576: ./a.out
configure:2580: $? = 0
configure:2599: result: yes
configure:2606: checking whether we are cross compiling
configure:2608: result: no
configure:2611: checking for suffix of executables
configure:2618: gcc -o conftest    conftest.c  >&5
configure:2622: $? = 0
configure:2648: result: 
configure:2654: checking for suffix of object files
configure:2680: gcc -c   conftest.c >&5
configure:2684: $? = 0
configure:2709: result: o
configure:2713: checking whether we are using the GNU C compiler
configure:2742: gcc -c   conftest.c >&5
configure:2749: $? = 0
configure:2766: result: yes
configure:2775: checking whether gcc accepts -g
configure:2805: gcc -c -g  conftest.c >&5
configure:2812: $? = 0
configure:2913: result: yes
configure:2930: checking for gcc option to accept ISO C89
configure:3004: gcc  -c -g -O2  conftest.c >&5
configure:3011: $? = 0
configure:3034: result: none needed
configure:3110: checking for g++
configure:3126: found /usr/bin/g++
configure:3137: result: g++
configure:3164: checking for C++ compiler version
configure:3172: g++ --version >&5
g++ (Gentoo 4.3.4 p1.0, pie-10.1.5) 4.3.4
Copyright (C) 2008 Free Software Foundation, Inc.
This is free software; see the source for copying conditions.  There is NO
warranty; not even for MERCHANTABILITY or FITNESS FOR A PARTICULAR PURPOSE.

configure:3176: $? = 0
configure:3183: g++ -v >&5
Using built-in specs.
Target: i686-pc-linux-gnu
Configured with: /var/tmp/portage/sys-devel/gcc-4.3.4/work/gcc-4.3.4/configure --prefix=/usr --bindir=/usr/i686-pc-linux-gnu/gcc-bin/4.3.4 --includedir=/usr/lib/gcc/i686-pc-linux-gnu/4.3.4/include --datadir=/usr/share/gcc-data/i686-pc-linux-gnu/4.3.4 --mandir=/usr/share/gcc-data/i686-pc-linux-gnu/4.3.4/man --infodir=/usr/share/gcc-data/i686-pc-linux-gnu/4.3.4/info --with-gxx-include-dir=/usr/lib/gcc/i686-pc-linux-gnu/4.3.4/include/g++-v4 --host=i686-pc-linux-gnu --build=i686-pc-linux-gnu --disable-altivec --disable-fixed-point --enable-nls --without-included-gettext --with-system-zlib --disable-checking --disable-werror --enable-secureplt --disable-multilib --enable-libmudflap --disable-libssp --enable-libgomp --disable-libgcj --with-arch=i686 --enable-languages=c,c++,treelang,fortran --enable-shared --enable-threads=posix --enable-__cxa_atexit --enable-clocale=gnu --with-bugurl=http://bugs.gentoo.org/ --with-pkgversion='Gentoo 4.3.4 p1.0, pie-10.1.5'
Thread model: posix
gcc version 4.3.4 (Gentoo 4.3.4 p1.0, pie-10.1.5) 
configure:3187: $? = 0
configure:3194: g++ -V >&5
g++: '-V' option must have argument
configure:3198: $? = 1
configure:3201: checking whether we are using the GNU C++ compiler
configure:3230: g++ -c   conftest.cpp >&5
configure:3237: $? = 0
configure:3254: result: yes
configure:3263: checking whether g++ accepts -g
configure:3293: g++ -c -g  conftest.cpp >&5
configure:3300: $? = 0
configure:3401: result: yes
configure:3438: checking for a BSD-compatible install
configure:3506: result: /usr/bin/install -c
configure:3517: checking whether make sets $(MAKE)
configure:3539: result: yes
configure:3555: checking how to run the C preprocessor
configure:3595: gcc -E  conftest.c
configure:3602: $? = 0
configure:3633: gcc -E  conftest.c
conftest.c:10:28: error: ac_nonexistent.h: No such file or directory
configure:3640: $? = 1
configure: failed program was:
| /* confdefs.h.  */
| #define PACKAGE_NAME ""
| #define PACKAGE_TARNAME ""
| #define PACKAGE_VERSION ""
| #define PACKAGE_STRING ""
| #define PACKAGE_BUGREPORT ""
| #define PACKAGE "gdu"
| #define VERSION "0.0.1"
| /* end confdefs.h.  */
| #include <ac_nonexistent.h>
configure:3673: result: gcc -E
configure:3702: gcc -E  conftest.c
configure:3709: $? = 0
configure:3740: gcc -E  conftest.c
conftest.c:10:28: error: ac_nonexistent.h: No such file or directory
configure:3747: $? = 1
configure: failed program was:
| /* confdefs.h.  */
| #define PACKAGE_NAME ""
| #define PACKAGE_TARNAME ""
| #define PACKAGE_VERSION ""
| #define PACKAGE_STRING ""
| #define PACKAGE_BUGREPORT ""
| #define PACKAGE "gdu"
| #define VERSION "0.0.1"
| /* end confdefs.h.  */
| #include <ac_nonexistent.h>
configure:3787: checking for grep that handles long lines and -e
configure:3847: result: /bin/grep
configure:3852: checking for egrep
configure:3916: result: /bin/grep -E
configure:3921: checking for ANSI C header files
configure:3951: gcc -c -g -O2  conftest.c >&5
configure:3958: $? = 0
configure:4057: gcc -o conftest -g -O2   conftest.c  >&5
configure:4061: $? = 0
configure:4067: ./conftest
configure:4071: $? = 0
configure:4089: result: yes
configure:4122: checking for pkg-config
configure:4140: found /usr/bin/pkg-config
configure:4153: result: /usr/bin/pkg-config
configure:4175: checking for GTK+ - version >= 1.2.6
configure:4295: gcc -o conftest -g -O2 -I/usr/include/gtk-2.0 -I/usr/lib/gtk-2.0/include -I/usr/include/atk-1.0 -I/usr/include/cairo -I/usr/include/pango-1.0 -I/usr/include/glib-2.0 -I/usr/lib/glib-2.0/include -I/usr/include/pixman-1 -I/usr/include/freetype2 -I/usr/include/libpng12     conftest.c -lgtk-x11-2.0 -lgdk-x11-2.0 -latk-1.0 -lgio-2.0 -lpangoft2-1.0 -lgdk_pixbuf-2.0 -lpangocairo-1.0 -lcairo -lpango-1.0 -lfreetype -lfontconfig -lgobject-2.0 -lgmodule-2.0 -lglib-2.0    >&5
conftest.c: In function 'main':
conftest.c:22: warning: ignoring return value of 'system', declared with attribute warn_unused_result
configure:4299: $? = 0
configure:4305: ./conftest
configure:4309: $? = 0
configure:4330: result: yes (version 2.16.6)
configure:4428: checking for main in -lstdc++
configure:4457: g++ -o conftest    conftest.cpp -lstdc++   >&5
configure:4464: $? = 0
configure:4485: result: yes
configure:4514: checking for sys/types.h
configure:4535: g++ -c   conftest.cpp >&5
configure:4542: $? = 0
configure:4559: result: yes
configure:4514: checking for sys/stat.h
configure:4535: g++ -c   conftest.cpp >&5
configure:4542: $? = 0
configure:4559: result: yes
configure:4514: checking for stdlib.h
configure:4535: g++ -c   conftest.cpp >&5
configure:4542: $? = 0
configure:4559: result: yes
configure:4514: checking for string.h
configure:4535: g++ -c   conftest.cpp >&5
configure:4542: $? = 0
configure:4559: result: yes
configure:4514: checking for memory.h
configure:4535: g++ -c   conftest.cpp >&5
configure:4542: $? = 0
configure:4559: result: yes
configure:4514: checking for strings.h
configure:4535: g++ -c   conftest.cpp >&5
configure:4542: $? = 0
configure:4559: result: yes
configure:4514: checking for inttypes.h
configure:4535: g++ -c   conftest.cpp >&5
configure:4542: $? = 0
configure:4559: result: yes
configure:4514: checking for stdint.h
configure:4535: g++ -c   conftest.cpp >&5
configure:4542: $? = 0
configure:4559: result: yes
configure:4514: checking for unistd.h
configure:4535: g++ -c   conftest.cpp >&5
configure:4542: $? = 0
configure:4559: result: yes
configure:4578: checking how to run the C++ preprocessor
configure:4614: g++ -E  conftest.cpp
configure:4621: $? = 0
configure:4652: g++ -E  conftest.cpp
conftest.cpp:21:28: error: ac_nonexistent.h: No such file or directory
configure:4659: $? = 1
configure: failed program was:
| /* confdefs.h.  */
| #define PACKAGE_NAME ""
| #define PACKAGE_TARNAME ""
| #define PACKAGE_VERSION ""
| #define PACKAGE_STRING ""
| #define PACKAGE_BUGREPORT ""
| #define PACKAGE "gdu"
| #define VERSION "0.0.1"
| #define STDC_HEADERS 1
| #define HAVE_LIBSTDC__ 1
| #define HAVE_SYS_TYPES_H 1
| #define HAVE_SYS_STAT_H 1
| #define HAVE_STDLIB_H 1
| #define HAVE_STRING_H 1
| #define HAVE_MEMORY_H 1
| #define HAVE_STRINGS_H 1
| #define HAVE_INTTYPES_H 1
| #define HAVE_STDINT_H 1
| #define HAVE_UNISTD_H 1
| /* end confdefs.h.  */
| #include <ac_nonexistent.h>
configure:4692: result: g++ -E
configure:4721: g++ -E  conftest.cpp
configure:4728: $? = 0
configure:4759: g++ -E  conftest.cpp
conftest.cpp:21:28: error: ac_nonexistent.h: No such file or directory
configure:4766: $? = 1
configure: failed program was:
| /* confdefs.h.  */
| #define PACKAGE_NAME ""
| #define PACKAGE_TARNAME ""
| #define PACKAGE_VERSION ""
| #define PACKAGE_STRING ""
| #define PACKAGE_BUGREPORT ""
| #define PACKAGE "gdu"
| #define VERSION "0.0.1"
| #define STDC_HEADERS 1
| #define HAVE_LIBSTDC__ 1
| #define HAVE_SYS_TYPES_H 1
| #define HAVE_SYS_STAT_H 1
| #define HAVE_STDLIB_H 1
| #define HAVE_STRING_H 1
| #define HAVE_MEMORY_H 1
| #define HAVE_STRINGS_H 1
| #define HAVE_INTTYPES_H 1
| #define HAVE_STDINT_H 1
| #define HAVE_UNISTD_H 1
| /* end confdefs.h.  */
| #include <ac_nonexistent.h>
configure:4822: checking stack usability
configure:4839: g++ -c   conftest.cpp >&5
configure:4846: $? = 0
configure:4860: result: yes
configure:4864: checking stack presence
configure:4879: g++ -E  conftest.cpp
configure:4886: $? = 0
configure:4900: result: yes
configure:4928: checking for stack
configure:4937: result: yes
configure:4971: checking string usability
configure:4988: g++ -c   conftest.cpp >&5
configure:4995: $? = 0
configure:5009: result: yes
configure:5013: checking string presence
configure:5028: g++ -E  conftest.cpp
configure:5035: $? = 0
configure:5049: result: yes
configure:5077: checking for string
configure:5086: result: yes
configure:5120: checking list usability
configure:5137: g++ -c   conftest.cpp >&5
configure:5144: $? = 0
configure:5158: result: yes
configure:5162: checking list presence
configure:5177: g++ -E  conftest.cpp
configure:5184: $? = 0
configure:5198: result: yes
configure:5226: checking for list
configure:5235: result: yes
configure:5269: checking vector usability
configure:5286: g++ -c   conftest.cpp >&5
configure:5293: $? = 0
configure:5307: result: yes
configure:5311: checking vector presence
configure:5326: g++ -E  conftest.cpp
configure:5333: $? = 0
configure:5347: result: yes
configure:5375: checking for vector
configure:5384: result: yes
configure:5507: creating ./config.status

## ---------------------- ##
## Running config.status. ##
## ---------------------- ##

This file was extended by config.status, which was
generated by GNU Autoconf 2.63.  Invocation command line was

  CONFIG_FILES    = 
  CONFIG_HEADERS  = 
  CONFIG_LINKS    = 
  CONFIG_COMMANDS = 
  $ ./config.status 

on viper

config.status:760: creating Makefile
config.status:907: WARNING:  'Makefile.in' seems to ignore the --datarootdir setting
config.status:760: creating config.h
config.status:994: executing default-1 commands

## ---------------- ##
## Cache variables. ##
## ---------------- ##

ac_cv_c_compiler_gnu=yes
ac_cv_cxx_compiler_gnu=yes
ac_cv_env_CCC_set=
ac_cv_env_CCC_value=
ac_cv_env_CC_set=
ac_cv_env_CC_value=
ac_cv_env_CFLAGS_set=
ac_cv_env_CFLAGS_value=
ac_cv_env_CPPFLAGS_set=
ac_cv_env_CPPFLAGS_value=
ac_cv_env_CPP_set=
ac_cv_env_CPP_value=
ac_cv_env_CXXCPP_set=
ac_cv_env_CXXCPP_value=
ac_cv_env_CXXFLAGS_set=
ac_cv_env_CXXFLAGS_value=
ac_cv_env_CXX_set=
ac_cv_env_CXX_value=
ac_cv_env_LDFLAGS_set=
ac_cv_env_LDFLAGS_value=
ac_cv_env_LIBS_set=
ac_cv_env_LIBS_value=
ac_cv_env_build_alias_set=
ac_cv_env_build_alias_value=
ac_cv_env_host_alias_set=
ac_cv_env_host_alias_value=
ac_cv_env_target_alias_set=
ac_cv_env_target_alias_value=
ac_cv_header_inttypes_h=yes
ac_cv_header_list=yes
ac_cv_header_memory_h=yes
ac_cv_header_stack=yes
ac_cv_header_stdc=yes
ac_cv_header_stdint_h=yes
ac_cv_header_stdlib_h=yes
ac_cv_header_string=yes
ac_cv_header_string_h=yes
ac_cv_header_strings_h=yes
ac_cv_header_sys_stat_h=yes
ac_cv_header_sys_types_h=yes
ac_cv_header_unistd_h=yes
ac_cv_header_vector=yes
ac_cv_lib_stdcpp_main=yes
ac_cv_objext=o
ac_cv_path_EGREP='/bin/grep -E'
ac_cv_path_GREP=/bin/grep
ac_cv_path_PKG_CONFIG=/usr/bin/pkg-config
ac_cv_path_install='/usr/bin/install -c'
ac_cv_prog_CPP='gcc -E'
ac_cv_prog_CXXCPP='g++ -E'
ac_cv_prog_ac_ct_CC=gcc
ac_cv_prog_ac_ct_CXX=g++
ac_cv_prog_cc_c89=
ac_cv_prog_cc_g=yes
ac_cv_prog_cxx_g=yes
ac_cv_prog_make_make_set=yes

## ----------------- ##
## Output variables. ##
## ----------------- ##

ACLOCAL='aclocal-1.4'
AUTOCONF='autoconf'
AUTOHEADER='autoheader'
AUTOMAKE='automake-1.4'
CC='gcc'
CFLAGS='-g -O2'
CPP='gcc -E'
CPPFLAGS=''
CXX='g++'
CXXCPP='g++ -E'
CXXFLAGS=''
DEFS='-DHAVE_CONFIG_H'
ECHO_C=''
ECHO_N='-n'
ECHO_T=''
EGREP='/bin/grep -E'
EXEEXT=''
GREP='/bin/grep'
GTK_CFLAGS='-I/usr/include/gtk-2.0 -I/usr/lib/gtk-2.0/include -I/usr/include/atk-1.0 -I/usr/include/cairo -I/usr/include/pango-1.0 -I/usr/include/glib-2.0 -I/usr/lib/glib-2.0/include -I/usr/include/pixman-1 -I/usr/include/freetype2 -I/usr/include/libpng12  '
GTK_LIBS='-lgtk-x11-2.0 -lgdk-x11-2.0 -latk-1.0 -lgio-2.0 -lpangoft2-1.0 -lgdk_pixbuf-2.0 -lpangocairo-1.0 -lcairo -lpango-1.0 -lfreetype -lfontconfig -lgobject-2.0 -lgmodule-2.0 -lglib-2.0  '
INSTALL_DATA='${INSTALL} -m 644'
INSTALL_PROGRAM='${INSTALL}'
INSTALL_SCRIPT='${INSTALL}'
LDFLAGS=''
LIBOBJS=''
LIBS='-lstdc++ '
LTLIBOBJS=''
MAKEINFO='makeinfo'
OBJEXT='o'
PACKAGE='gdu'
PACKAGE_BUGREPORT=''
PACKAGE_NAME=''
PACKAGE_STRING=''
PACKAGE_TARNAME=''
PACKAGE_VERSION=''
PATH_SEPARATOR=':'
PKG_CONFIG='/usr/bin/pkg-config'
SET_MAKE=''
SHELL='/bin/sh'
VERSION='0.0.1'
ac_ct_CC='gcc'
ac_ct_CXX='g++'
bindir='${exec_prefix}/bin'
build_alias=''
datadir='${datarootdir}'
datarootdir='${prefix}/share'
docdir='${datarootdir}/doc/${PACKAGE}'
dvidir='${docdir}'
exec_prefix='${prefix}'
host_alias=''
htmldir='${docdir}'
includedir='${prefix}/include'
infodir='${datarootdir}/info'
libdir='${exec_prefix}/lib'
libexecdir='${exec_prefix}/libexec'
localedir='${datarootdir}/locale'
localstatedir='${prefix}/var'
mandir='${datarootdir}/man'
oldincludedir='/usr/include'
pdfdir='${docdir}'
prefix='/usr/local'
program_transform_name='s,x,x,'
psdir='${docdir}'
sbindir='${exec_prefix}/sbin'
sharedstatedir='${prefix}/com'
sysconfdir='${prefix}/etc'
target_alias=''

## ----------- ##
## confdefs.h. ##
## ----------- ##

#define PACKAGE_NAME ""
#define PACKAGE_TARNAME ""
#define PACKAGE_VERSION ""
#define PACKAGE_STRING ""
#define PACKAGE_BUGREPORT ""
#define PACKAGE "gdu"
#define VERSION "0.0.1"
#define STDC_HEADERS 1
#define HAVE_LIBSTDC__ 1
#define HAVE_SYS_TYPES_H 1
#define HAVE_SYS_STAT_H 1
#define HAVE_STDLIB_H 1
#define HAVE_STRING_H 1
#define HAVE_MEMORY_H 1
#define HAVE_STRINGS_H 1
#define HAVE_INTTYPES_H 1
#define HAVE_STDINT_H 1
#define HAVE_UNISTD_H 1
#define HAVE_STACK 1
#define HAVE_STRING 1
#define HAVE_LIST 1
#define HAVE_VECTOR 1

configure: exit 0
